[0.129s] Invoking command in '/home/valtec/aether/aether_ws/build/valtec_onboard_intelligence': /usr/bin/cmake --build /home/valtec/aether/aether_ws/build/valtec_onboard_intelligence -- -j20 -l20
[0.150s] -- Found ament_cmake: 1.3.12 (/opt/ros/humble/share/ament_cmake/cmake)
[0.232s] Traceback (most recent call last):
[0.232s]   File "/opt/ros/humble/share/ament_cmake_core/cmake/package_templates/templates_2_cmake.py", line 21, in <module>
[0.232s]     from ament_package.templates import get_environment_hook_template_path
[0.232s] ModuleNotFoundError: No module named 'ament_package'
[0.238s] [31mCMake Error at /opt/ros/humble/share/ament_cmake_core/cmake/ament_cmake_package_templates-extras.cmake:41 (message):
[0.238s]   execute_process(/usr/bin/python3
[0.238s]   /opt/ros/humble/share/ament_cmake_core/cmake/package_templates/templates_2_cmake.py
[0.238s]   /home/valtec/aether/aether_ws/build/valtec_onboard_intelligence/ament_cmake_package_templates/templates.cmake)
[0.238s]   returned error code 1
[0.238s] Call Stack (most recent call first):
[0.238s]   /opt/ros/humble/share/ament_cmake_core/cmake/ament_cmake_coreConfig.cmake:41 (include)
[0.238s]   /opt/ros/humble/share/ament_cmake/cmake/ament_cmake_export_dependencies-extras.cmake:15 (find_package)
[0.238s]   /opt/ros/humble/share/ament_cmake/cmake/ament_cmakeConfig.cmake:41 (include)
[0.238s]   CMakeLists.txt:8 (find_package)
[0.238s] 
[0.238s] [0m
[0.238s] -- Configuring incomplete, errors occurred!
[0.238s] See also "/home/valtec/aether/aether_ws/build/valtec_onboard_intelligence/CMakeFiles/CMakeOutput.log".
[0.240s] gmake: *** [Makefile:267: cmake_check_build_system] Error 1
[0.345s] Invoked command in '/home/valtec/aether/aether_ws/build/valtec_onboard_intelligence' returned '2': /usr/bin/cmake --build /home/valtec/aether/aether_ws/build/valtec_onboard_intelligence -- -j20 -l20
