[0.006s] Invoking command in '/home/valtec/aether/aether_ws/build/aether_interfaces': /usr/bin/cmake --build /home/valtec/aether/aether_ws/build/aether_interfaces -- -j20 -l20
[0.031s] -- Found ament_cmake: 1.3.12 (/opt/ros/humble/share/ament_cmake/cmake)
[0.118s] Traceback (most recent call last):
[0.119s]   File "/opt/ros/humble/share/ament_cmake_core/cmake/package_templates/templates_2_cmake.py", line 21, in <module>
[0.119s]     from ament_package.templates import get_environment_hook_template_path
[0.119s] ModuleNotFoundError: No module named 'ament_package'
[0.125s] [31mCMake Error at /opt/ros/humble/share/ament_cmake_core/cmake/ament_cmake_package_templates-extras.cmake:41 (message):
[0.125s]   execute_process(/usr/bin/python3
[0.125s]   /opt/ros/humble/share/ament_cmake_core/cmake/package_templates/templates_2_cmake.py
[0.125s]   /home/valtec/aether/aether_ws/build/aether_interfaces/ament_cmake_package_templates/templates.cmake)
[0.125s]   returned error code 1
[0.125s] Call Stack (most recent call first):
[0.126s]   /opt/ros/humble/share/ament_cmake_core/cmake/ament_cmake_coreConfig.cmake:41 (include)
[0.126s]   /opt/ros/humble/share/ament_cmake/cmake/ament_cmake_export_dependencies-extras.cmake:15 (find_package)
[0.126s]   /opt/ros/humble/share/ament_cmake/cmake/ament_cmakeConfig.cmake:41 (include)
[0.126s]   CMakeLists.txt:9 (find_package)
[0.126s] 
[0.126s] [0m
[0.126s] -- Configuring incomplete, errors occurred!
[0.126s] See also "/home/valtec/aether/aether_ws/build/aether_interfaces/CMakeFiles/CMakeOutput.log".
[0.127s] gmake: *** [Makefile:1179: cmake_check_build_system] Error 1
[0.128s] Invoked command in '/home/valtec/aether/aether_ws/build/aether_interfaces' returned '2': /usr/bin/cmake --build /home/valtec/aether/aether_ws/build/aether_interfaces -- -j20 -l20
