[0.251s] Invoking command in '/home/valtec/aether/aether_ws/build/aether_interfaces': CMAKE_PREFIX_PATH=${CMAKE_PREFIX_PATH}:/home/valtec/aether/aether_ws/install/aether_gcs_ui:/home/valtec/aether/aether_ws/install/aether_gcs_backend:/opt/ros/humble VIRTUAL_ENV_PROMPT=(.venv) /usr/bin/cmake /home/valtec/aether/aether_ws/src/aether_interfaces -DCMAKE_INSTALL_PREFIX=/home/valtec/aether/aether_ws/install/aether_interfaces
[0.261s] -- Found ament_cmake: 1.3.12 (/opt/ros/humble/share/ament_cmake/cmake)
[0.333s] -- Found rosidl_default_generators: 1.2.0 (/opt/ros/humble/share/rosidl_default_generators/cmake)
[0.334s] -- Using all available rosidl_typesupport_c: rosidl_typesupport_fastrtps_c;rosidl_typesupport_introspection_c
[0.336s] -- Found rosidl_adapter: 3.1.7 (/opt/ros/humble/share/rosidl_adapter/cmake)
[0.351s] -- Using all available rosidl_typesupport_cpp: rosidl_typesupport_fastrtps_cpp;rosidl_typesupport_introspection_cpp
[0.430s] [31mCMake Error at /opt/ros/humble/share/rosidl_adapter/cmake/rosidl_adapt_interfaces.cmake:59 (message):
[0.430s]   execute_process(/home/valtec/aether/.venv/bin/python3 -m rosidl_adapter
[0.430s]   --package-name aether_interfaces --arguments-file
[0.431s]   /home/valtec/aether/aether_ws/build/aether_interfaces/rosidl_adapter__arguments__aether_interfaces.json
[0.431s]   --output-dir
[0.431s]   /home/valtec/aether/aether_ws/build/aether_interfaces/rosidl_adapter/aether_interfaces
[0.431s]   --output-file
[0.431s]   /home/valtec/aether/aether_ws/build/aether_interfaces/rosidl_adapter/aether_interfaces.idls)
[0.431s]   returned error code 1:
[0.431s] 
[0.431s]   AttributeError processing template 'srv.idl.em'
[0.431s] 
[0.431s]   Traceback (most recent call last):
[0.431s] 
[0.431s]     File "/opt/ros/humble/local/lib/python3.10/dist-packages/rosidl_adapter/resource/__init__.py", line 51, in evaluate_template
[0.431s]       em.BUFFERED_OPT: True,
[0.431s] 
[0.431s]   AttributeError: module 'em' has no attribute 'BUFFERED_OPT'
[0.431s] 
[0.431s]   
[0.431s] 
[0.431s]   During handling of the above exception, another exception occurred:
[0.432s] 
[0.432s]   
[0.432s] 
[0.432s]   Traceback (most recent call last):
[0.432s] 
[0.432s]     File "/usr/lib/python3.10/runpy.py", line 196, in _run_module_as_main
[0.432s]       return _run_code(code, main_globals, None,
[0.432s]     File "/usr/lib/python3.10/runpy.py", line 86, in _run_code
[0.432s]       exec(code, run_globals)
[0.432s]     File "/opt/ros/humble/local/lib/python3.10/dist-packages/rosidl_adapter/__main__.py", line 19, in <module>
[0.432s]       sys.exit(main())
[0.432s]     File "/opt/ros/humble/local/lib/python3.10/dist-packages/rosidl_adapter/main.py", line 53, in main
[0.432s]       abs_idl_file = convert_to_idl(
[0.432s]     File "/opt/ros/humble/local/lib/python3.10/dist-packages/rosidl_adapter/__init__.py", line 24, in convert_to_idl
[0.432s]       return convert_srv_to_idl(
[0.432s]     File "/opt/ros/humble/local/lib/python3.10/dist-packages/rosidl_adapter/srv/__init__.py", line 39, in convert_srv_to_idl
[0.432s]       expand_template('srv.idl.em', data, output_file, encoding='iso-8859-1')
[0.432s]     File "/opt/ros/humble/local/lib/python3.10/dist-packages/rosidl_adapter/resource/__init__.py", line 23, in expand_template
[0.432s]       content = evaluate_template(template_name, data)
[0.433s]     File "/opt/ros/humble/local/lib/python3.10/dist-packages/rosidl_adapter/resource/__init__.py", line 69, in evaluate_template
[0.433s]       _interpreter.shutdown()
[0.433s] 
[0.433s]   AttributeError: 'NoneType' object has no attribute 'shutdown'
[0.433s] 
[0.433s] Call Stack (most recent call first):
[0.433s]   /opt/ros/humble/share/rosidl_cmake/cmake/rosidl_generate_interfaces.cmake:130 (rosidl_adapt_interfaces)
[0.433s]   CMakeLists.txt:17 (rosidl_generate_interfaces)
[0.433s] 
[0.433s] [0m
[0.433s] -- Configuring incomplete, errors occurred!
[0.433s] See also "/home/valtec/aether/aether_ws/build/aether_interfaces/CMakeFiles/CMakeOutput.log".
[0.434s] Invoked command in '/home/valtec/aether/aether_ws/build/aether_interfaces' returned '1': CMAKE_PREFIX_PATH=${CMAKE_PREFIX_PATH}:/home/valtec/aether/aether_ws/install/aether_gcs_ui:/home/valtec/aether/aether_ws/install/aether_gcs_backend:/opt/ros/humble VIRTUAL_ENV_PROMPT=(.venv) /usr/bin/cmake /home/valtec/aether/aether_ws/src/aether_interfaces -DCMAKE_INSTALL_PREFIX=/home/valtec/aether/aether_ws/install/aether_interfaces
